INFO: [VRFC 10-2263] Analyzing Verilog file "C:/Users/sunim/digitClassifierFPGA/digitClassifierFPGA.sim/sim_1/synth/timing/xsim/test_mac3_acc_time_synth.v" into library xil_defaultlib
INFO: [VRFC 10-311] analyzing module acc_mac3
INFO: [VRFC 10-311] analyzing module acc_mac3_acc_0_0
INFO: [VRFC 10-311] analyzing module acc_mac3_acc_0_0_acc
INFO: [VRFC 10-311] analyzing module acc_mac3_acc_0_0_acc_ctrl
INFO: [VRFC 10-311] analyzing module acc_mac3_acc_0_0_adder22
INFO: [VRFC 10-311] analyzing module acc_mac3_mac3_0_0
INFO: [VRFC 10-311] analyzing module acc_mac3_mac3_0_0_adder19
INFO: [VRFC 10-311] analyzing module acc_mac3_mac3_0_0_mac3
INFO: [VRFC 10-311] analyzing module acc_mac3_mac3_0_0_mult
INFO: [VRFC 10-311] analyzing module acc_mac3_mac3_0_0_mult_0
INFO: [VRFC 10-311] analyzing module acc_mac3_mac3_0_0_mult_1
INFO: [VRFC 10-311] analyzing module acc_mac3_mac3_0_0_mult_10
INFO: [VRFC 10-311] analyzing module acc_mac3_mac3_0_0_mult_11
INFO: [VRFC 10-311] analyzing module acc_mac3_mac3_0_0_mult_12
INFO: [VRFC 10-311] analyzing module acc_mac3_mac3_0_0_mult_13
INFO: [VRFC 10-311] analyzing module acc_mac3_mac3_0_0_mult_14
INFO: [VRFC 10-311] analyzing module acc_mac3_mac3_0_0_mult_2
INFO: [VRFC 10-311] analyzing module acc_mac3_mac3_0_0_mult_3
INFO: [VRFC 10-311] analyzing module acc_mac3_mac3_0_0_mult_4
INFO: [VRFC 10-311] analyzing module acc_mac3_mac3_0_0_mult_5
INFO: [VRFC 10-311] analyzing module acc_mac3_mac3_0_0_mult_6
INFO: [VRFC 10-311] analyzing module acc_mac3_mac3_0_0_mult_7
INFO: [VRFC 10-311] analyzing module acc_mac3_mac3_0_0_mult_8
INFO: [VRFC 10-311] analyzing module acc_mac3_mac3_0_0_mult_9
INFO: [VRFC 10-311] analyzing module acc_mac3_wrapper
INFO: [VRFC 10-311] analyzing module glbl
INFO: [VRFC 10-2263] Analyzing Verilog file "C:/Users/sunim/digitClassifierFPGA/digitClassifierFPGA.srcs/sim_1/new/test_mac3_acc.v" into library xil_defaultlib
INFO: [VRFC 10-311] analyzing module test_mac3_acc
