Vivado Simulator v2022.2
Copyright 1986-1999, 2001-2022 Xilinx, Inc. All Rights Reserved.
Running: C:/Xilinx/Vivado/2022.2/bin/unwrapped/win64.o/xelab.exe --incr --debug typical --relax --mt 2 -L xil_defaultlib -L dist_mem_gen_v8_0_10 -L unisims_ver -L unimacro_ver -L secureip -L xpm --snapshot test_node_func_behav xil_defaultlib.test_node_func xil_defaultlib.glbl -log elaborate.log 
Using 2 slave threads.
Starting static elaboration
Pass Through NonSizing Optimizer
Completed static elaboration
Starting simulation data flow analysis
Completed simulation data flow analysis
Time Resolution for simulation is 1ps
Compiling module xil_defaultlib.addrConv
Compiling module dist_mem_gen_v8_0_10.dist_mem_gen_v8_0_10(C_FAMILY="a...
Compiling module xil_defaultlib.dist_mem_gen_0
Compiling module xil_defaultlib.dataConv
Compiling module xil_defaultlib.saturationLogic
Compiling module xil_defaultlib.sigmoid
Compiling module xil_defaultlib.Sigmoid_func_sigmoid_0_0
Compiling module xil_defaultlib.sigmoid_interface
Compiling module xil_defaultlib.Sigmoid_func_sigmoid_interface_0...
Compiling module xil_defaultlib.Sigmoid_func
Compiling module xil_defaultlib.Sigmoid_func_wrapper
Compiling module xil_defaultlib.nodeFunc_Sigmoid_func_wrapper_0_...
Compiling module xil_defaultlib.adder22
Compiling module xil_defaultlib.acc_ctrl
Compiling module xil_defaultlib.acc
Compiling module xil_defaultlib.acc_mac3_acc_0_0
Compiling module xil_defaultlib.mult
Compiling module xil_defaultlib.adder
Compiling module xil_defaultlib.adder17
Compiling module xil_defaultlib.adder18
Compiling module xil_defaultlib.adder19
Compiling module xil_defaultlib.mac3_default
Compiling module xil_defaultlib.acc_mac3_mac3_0_0
Compiling module xil_defaultlib.acc_mac3
Compiling module xil_defaultlib.acc_mac3_wrapper
Compiling module xil_defaultlib.nodeFunc_acc_mac3_wrapper_0_0
Compiling module xil_defaultlib.nodeFunc
Compiling module xil_defaultlib.nodeFunc_wrapper
Compiling module xil_defaultlib.test_node_func
Compiling module xil_defaultlib.glbl
Built simulation snapshot test_node_func_behav
