Copyright 1986-2022 Xilinx, Inc. All Rights Reserved.
---------------------------------------------------------------------------------------------------------------------------------------------------------------------------------------------------------
| Tool Version : Vivado v.2022.2 (win64) Build 3671981 Fri Oct 14 05:00:03 MDT 2022
| Date         : Tue Apr 16 13:07:37 2024
| Host         : suniLaptop running 64-bit major release  (build 9200)
| Command      : report_timing_summary -max_paths 10 -report_unconstrained -file mult_timing_summary_routed.rpt -pb mult_timing_summary_routed.pb -rpx mult_timing_summary_routed.rpx -warn_on_violation
| Design       : mult
| Device       : 7k70t-fbv676
| Speed File   : -1  PRODUCTION 1.12 2017-02-17
---------------------------------------------------------------------------------------------------------------------------------------------------------------------------------------------------------

Timing Summary Report

------------------------------------------------------------------------------------------------
| Timer Settings
| --------------
------------------------------------------------------------------------------------------------

  Enable Multi Corner Analysis               :  Yes
  Enable Pessimism Removal                   :  Yes
  Pessimism Removal Resolution               :  Nearest Common Node
  Enable Input Delay Default Clock           :  No
  Enable Preset / Clear Arcs                 :  No
  Disable Flight Delays                      :  No
  Ignore I/O Paths                           :  No
  Timing Early Launch at Borrowing Latches   :  No
  Borrow Time for Max Delay Exceptions       :  Yes
  Merge Timing Exceptions                    :  Yes

  Corner  Analyze    Analyze    
  Name    Max Paths  Min Paths  
  ------  ---------  ---------  
  Slow    Yes        Yes        
  Fast    Yes        Yes        


------------------------------------------------------------------------------------------------
| Report Methodology
| ------------------
------------------------------------------------------------------------------------------------

Rule     Severity  Description       Violations  
-------  --------  ----------------  ----------  
SYNTH-9  Warning   Small multiplier  12          

Note: This report is based on the most recent report_methodology run and may not be up-to-date. Run report_methodology on the current design for the latest report.



check_timing report

Table of Contents
-----------------
1. checking no_clock (0)
2. checking constant_clock (0)
3. checking pulse_width_clock (0)
4. checking unconstrained_internal_endpoints (0)
5. checking no_input_delay (0)
6. checking no_output_delay (0)
7. checking multiple_clock (0)
8. checking generated_clocks (0)
9. checking loops (0)
10. checking partial_input_delay (0)
11. checking partial_output_delay (0)
12. checking latch_loops (0)

1. checking no_clock (0)
------------------------
 There are 0 register/latch pins with no clock.


2. checking constant_clock (0)
------------------------------
 There are 0 register/latch pins with constant_clock.


3. checking pulse_width_clock (0)
---------------------------------
 There are 0 register/latch pins which need pulse_width check


4. checking unconstrained_internal_endpoints (0)
------------------------------------------------
 There are 0 pins that are not constrained for maximum delay.

 There are 0 pins that are not constrained for maximum delay due to constant clock.


5. checking no_input_delay (0)
------------------------------
 There are 0 input ports with no input delay specified.

 There are 0 input ports with no input delay but user has a false path constraint.


6. checking no_output_delay (0)
-------------------------------
 There are 0 ports with no output delay specified.

 There are 0 ports with no output delay but user has a false path constraint

 There are 0 ports with no output delay but with a timing clock defined on it or propagating through it


7. checking multiple_clock (0)
------------------------------
 There are 0 register/latch pins with multiple clocks.


8. checking generated_clocks (0)
--------------------------------
 There are 0 generated clocks that are not connected to a clock source.


9. checking loops (0)
---------------------
 There are 0 combinational loops in the design.


10. checking partial_input_delay (0)
------------------------------------
 There are 0 input ports with partial input delay specified.


11. checking partial_output_delay (0)
-------------------------------------
 There are 0 ports with partial output delay specified.


12. checking latch_loops (0)
----------------------------
 There are 0 combinational latch loops in the design through latch input



------------------------------------------------------------------------------------------------
| Design Timing Summary
| ---------------------
------------------------------------------------------------------------------------------------

    WNS(ns)      TNS(ns)  TNS Failing Endpoints  TNS Total Endpoints      WHS(ns)      THS(ns)  THS Failing Endpoints  THS Total Endpoints     WPWS(ns)     TPWS(ns)  TPWS Failing Endpoints  TPWS Total Endpoints  
    -------      -------  ---------------------  -------------------      -------      -------  ---------------------  -------------------     --------     --------  ----------------------  --------------------  
        inf        0.000                      0                   16          inf        0.000                      0                   16           NA           NA                      NA                    NA  


There are no user specified timing constraints.


------------------------------------------------------------------------------------------------
| Clock Summary
| -------------
------------------------------------------------------------------------------------------------


------------------------------------------------------------------------------------------------
| Intra Clock Table
| -----------------
------------------------------------------------------------------------------------------------

Clock             WNS(ns)      TNS(ns)  TNS Failing Endpoints  TNS Total Endpoints      WHS(ns)      THS(ns)  THS Failing Endpoints  THS Total Endpoints     WPWS(ns)     TPWS(ns)  TPWS Failing Endpoints  TPWS Total Endpoints  
-----             -------      -------  ---------------------  -------------------      -------      -------  ---------------------  -------------------     --------     --------  ----------------------  --------------------  


------------------------------------------------------------------------------------------------
| Inter Clock Table
| -----------------
------------------------------------------------------------------------------------------------

From Clock    To Clock          WNS(ns)      TNS(ns)  TNS Failing Endpoints  TNS Total Endpoints      WHS(ns)      THS(ns)  THS Failing Endpoints  THS Total Endpoints  
----------    --------          -------      -------  ---------------------  -------------------      -------      -------  ---------------------  -------------------  


------------------------------------------------------------------------------------------------
| Other Path Groups Table
| -----------------------
------------------------------------------------------------------------------------------------

Path Group    From Clock    To Clock          WNS(ns)      TNS(ns)  TNS Failing Endpoints  TNS Total Endpoints      WHS(ns)      THS(ns)  THS Failing Endpoints  THS Total Endpoints  
----------    ----------    --------          -------      -------  ---------------------  -------------------      -------      -------  ---------------------  -------------------  


------------------------------------------------------------------------------------------------
| User Ignored Path Table
| -----------------------
------------------------------------------------------------------------------------------------

Path Group    From Clock    To Clock    
----------    ----------    --------    


------------------------------------------------------------------------------------------------
| Unconstrained Path Table
| ------------------------
------------------------------------------------------------------------------------------------

Path Group    From Clock    To Clock    
----------    ----------    --------    
(none)                                    


------------------------------------------------------------------------------------------------
| Timing Details
| --------------
------------------------------------------------------------------------------------------------


--------------------------------------------------------------------------------------
Path Group:  (none)
From Clock:  
  To Clock:  

Max Delay            16 Endpoints
Min Delay            16 Endpoints
--------------------------------------------------------------------------------------


Max Delay Paths
--------------------------------------------------------------------------------------
Slack:                    inf
  Source:                 a[3]
                            (input port)
  Destination:            p[15]
                            (output port)
  Path Group:             (none)
  Path Type:              Max at Slow Process Corner
  Data Path Delay:        9.695ns  (logic 4.759ns (49.091%)  route 4.935ns (50.909%))
  Logic Levels:           11  (CARRY4=5 IBUF=1 LUT2=1 LUT3=1 LUT4=1 LUT6=1 OBUF=1)

    Location             Delay type                Incr(ns)  Path(ns)    Netlist Resource(s)
  -------------------------------------------------------------------    -------------------
    T17                                               0.000     0.000 f  a[3] (IN)
                         net (fo=0)                   0.000     0.000    a[3]
    T17                  IBUF (Prop_ibuf_I_O)         0.787     0.787 f  a_IBUF[3]_inst/O
                         net (fo=19, routed)          1.733     2.520    a_IBUF[3]
    SLICE_X1Y10          LUT2 (Prop_lut2_I0_O)        0.063     2.583 r  p_OBUF[2]_inst_i_9/O
                         net (fo=1, routed)           0.447     3.030    p_OBUF[2]_inst_i_9_n_0
    SLICE_X0Y10          LUT6 (Prop_lut6_I1_O)        0.170     3.200 r  p_OBUF[2]_inst_i_5/O
                         net (fo=1, routed)           0.000     3.200    p_OBUF[2]_inst_i_5_n_0
    SLICE_X0Y10          CARRY4 (Prop_carry4_S[3]_CO[3])
                                                      0.233     3.433 r  p_OBUF[2]_inst_i_1/CO[3]
                         net (fo=1, routed)           0.000     3.433    p_OBUF[2]_inst_i_1_n_0
    SLICE_X0Y11          CARRY4 (Prop_carry4_CI_O[2])
                                                      0.136     3.569 r  p_OBUF[11]_inst_i_13/O[2]
                         net (fo=2, routed)           0.548     4.117    p_OBUF[11]_inst_i_13_n_5
    SLICE_X3Y11          LUT3 (Prop_lut3_I2_O)        0.162     4.279 r  p_OBUF[7]_inst_i_2/O
                         net (fo=2, routed)           0.472     4.751    p_OBUF[7]_inst_i_2_n_0
    SLICE_X3Y11          LUT4 (Prop_lut4_I3_O)        0.165     4.916 r  p_OBUF[7]_inst_i_6/O
                         net (fo=1, routed)           0.000     4.916    p_OBUF[7]_inst_i_6_n_0
    SLICE_X3Y11          CARRY4 (Prop_carry4_S[3]_CO[3])
                                                      0.233     5.149 r  p_OBUF[7]_inst_i_1/CO[3]
                         net (fo=1, routed)           0.000     5.149    p_OBUF[7]_inst_i_1_n_0
    SLICE_X3Y12          CARRY4 (Prop_carry4_CI_CO[3])
                                                      0.058     5.207 r  p_OBUF[11]_inst_i_1/CO[3]
                         net (fo=1, routed)           0.000     5.207    p_OBUF[11]_inst_i_1_n_0
    SLICE_X3Y13          CARRY4 (Prop_carry4_CI_O[3])
                                                      0.179     5.386 r  p_OBUF[15]_inst_i_1/O[3]
                         net (fo=1, routed)           1.735     7.122    p_OBUF[15]
    P20                  OBUF (Prop_obuf_I_O)         2.573     9.695 r  p_OBUF[15]_inst/O
                         net (fo=0)                   0.000     9.695    p[15]
    P20                                                               r  p[15] (OUT)
  -------------------------------------------------------------------    -------------------

Slack:                    inf
  Source:                 a[3]
                            (input port)
  Destination:            p[14]
                            (output port)
  Path Group:             (none)
  Path Type:              Max at Slow Process Corner
  Data Path Delay:        9.647ns  (logic 4.719ns (48.912%)  route 4.929ns (51.088%))
  Logic Levels:           11  (CARRY4=5 IBUF=1 LUT2=1 LUT3=1 LUT4=1 LUT6=1 OBUF=1)

    Location             Delay type                Incr(ns)  Path(ns)    Netlist Resource(s)
  -------------------------------------------------------------------    -------------------
    T17                                               0.000     0.000 f  a[3] (IN)
                         net (fo=0)                   0.000     0.000    a[3]
    T17                  IBUF (Prop_ibuf_I_O)         0.787     0.787 f  a_IBUF[3]_inst/O
                         net (fo=19, routed)          1.733     2.520    a_IBUF[3]
    SLICE_X1Y10          LUT2 (Prop_lut2_I0_O)        0.063     2.583 r  p_OBUF[2]_inst_i_9/O
                         net (fo=1, routed)           0.447     3.030    p_OBUF[2]_inst_i_9_n_0
    SLICE_X0Y10          LUT6 (Prop_lut6_I1_O)        0.170     3.200 r  p_OBUF[2]_inst_i_5/O
                         net (fo=1, routed)           0.000     3.200    p_OBUF[2]_inst_i_5_n_0
    SLICE_X0Y10          CARRY4 (Prop_carry4_S[3]_CO[3])
                                                      0.233     3.433 r  p_OBUF[2]_inst_i_1/CO[3]
                         net (fo=1, routed)           0.000     3.433    p_OBUF[2]_inst_i_1_n_0
    SLICE_X0Y11          CARRY4 (Prop_carry4_CI_O[2])
                                                      0.136     3.569 r  p_OBUF[11]_inst_i_13/O[2]
                         net (fo=2, routed)           0.548     4.117    p_OBUF[11]_inst_i_13_n_5
    SLICE_X3Y11          LUT3 (Prop_lut3_I2_O)        0.162     4.279 r  p_OBUF[7]_inst_i_2/O
                         net (fo=2, routed)           0.472     4.751    p_OBUF[7]_inst_i_2_n_0
    SLICE_X3Y11          LUT4 (Prop_lut4_I3_O)        0.165     4.916 r  p_OBUF[7]_inst_i_6/O
                         net (fo=1, routed)           0.000     4.916    p_OBUF[7]_inst_i_6_n_0
    SLICE_X3Y11          CARRY4 (Prop_carry4_S[3]_CO[3])
                                                      0.233     5.149 r  p_OBUF[7]_inst_i_1/CO[3]
                         net (fo=1, routed)           0.000     5.149    p_OBUF[7]_inst_i_1_n_0
    SLICE_X3Y12          CARRY4 (Prop_carry4_CI_CO[3])
                                                      0.058     5.207 r  p_OBUF[11]_inst_i_1/CO[3]
                         net (fo=1, routed)           0.000     5.207    p_OBUF[11]_inst_i_1_n_0
    SLICE_X3Y13          CARRY4 (Prop_carry4_CI_O[2])
                                                      0.136     5.343 r  p_OBUF[15]_inst_i_1/O[2]
                         net (fo=1, routed)           1.729     7.072    p_OBUF[14]
    M21                  OBUF (Prop_obuf_I_O)         2.575     9.647 r  p_OBUF[14]_inst/O
                         net (fo=0)                   0.000     9.647    p[14]
    M21                                                               r  p[14] (OUT)
  -------------------------------------------------------------------    -------------------

Slack:                    inf
  Source:                 a[3]
                            (input port)
  Destination:            p[13]
                            (output port)
  Path Group:             (none)
  Path Type:              Max at Slow Process Corner
  Data Path Delay:        9.621ns  (logic 4.803ns (49.920%)  route 4.818ns (50.080%))
  Logic Levels:           11  (CARRY4=5 IBUF=1 LUT2=1 LUT3=1 LUT4=1 LUT6=1 OBUF=1)

    Location             Delay type                Incr(ns)  Path(ns)    Netlist Resource(s)
  -------------------------------------------------------------------    -------------------
    T17                                               0.000     0.000 f  a[3] (IN)
                         net (fo=0)                   0.000     0.000    a[3]
    T17                  IBUF (Prop_ibuf_I_O)         0.787     0.787 f  a_IBUF[3]_inst/O
                         net (fo=19, routed)          1.733     2.520    a_IBUF[3]
    SLICE_X1Y10          LUT2 (Prop_lut2_I0_O)        0.063     2.583 r  p_OBUF[2]_inst_i_9/O
                         net (fo=1, routed)           0.447     3.030    p_OBUF[2]_inst_i_9_n_0
    SLICE_X0Y10          LUT6 (Prop_lut6_I1_O)        0.170     3.200 r  p_OBUF[2]_inst_i_5/O
                         net (fo=1, routed)           0.000     3.200    p_OBUF[2]_inst_i_5_n_0
    SLICE_X0Y10          CARRY4 (Prop_carry4_S[3]_CO[3])
                                                      0.233     3.433 r  p_OBUF[2]_inst_i_1/CO[3]
                         net (fo=1, routed)           0.000     3.433    p_OBUF[2]_inst_i_1_n_0
    SLICE_X0Y11          CARRY4 (Prop_carry4_CI_O[2])
                                                      0.136     3.569 r  p_OBUF[11]_inst_i_13/O[2]
                         net (fo=2, routed)           0.548     4.117    p_OBUF[11]_inst_i_13_n_5
    SLICE_X3Y11          LUT3 (Prop_lut3_I2_O)        0.162     4.279 r  p_OBUF[7]_inst_i_2/O
                         net (fo=2, routed)           0.472     4.751    p_OBUF[7]_inst_i_2_n_0
    SLICE_X3Y11          LUT4 (Prop_lut4_I3_O)        0.165     4.916 r  p_OBUF[7]_inst_i_6/O
                         net (fo=1, routed)           0.000     4.916    p_OBUF[7]_inst_i_6_n_0
    SLICE_X3Y11          CARRY4 (Prop_carry4_S[3]_CO[3])
                                                      0.233     5.149 r  p_OBUF[7]_inst_i_1/CO[3]
                         net (fo=1, routed)           0.000     5.149    p_OBUF[7]_inst_i_1_n_0
    SLICE_X3Y12          CARRY4 (Prop_carry4_CI_CO[3])
                                                      0.058     5.207 r  p_OBUF[11]_inst_i_1/CO[3]
                         net (fo=1, routed)           0.000     5.207    p_OBUF[11]_inst_i_1_n_0
    SLICE_X3Y13          CARRY4 (Prop_carry4_CI_O[1])
                                                      0.213     5.420 r  p_OBUF[15]_inst_i_1/O[1]
                         net (fo=1, routed)           1.618     7.039    p_OBUF[13]
    M22                  OBUF (Prop_obuf_I_O)         2.583     9.621 r  p_OBUF[13]_inst/O
                         net (fo=0)                   0.000     9.621    p[13]
    M22                                                               r  p[13] (OUT)
  -------------------------------------------------------------------    -------------------

Slack:                    inf
  Source:                 a[3]
                            (input port)
  Destination:            p[12]
                            (output port)
  Path Group:             (none)
  Path Type:              Max at Slow Process Corner
  Data Path Delay:        9.543ns  (logic 4.725ns (49.518%)  route 4.817ns (50.482%))
  Logic Levels:           11  (CARRY4=5 IBUF=1 LUT2=1 LUT3=1 LUT4=1 LUT6=1 OBUF=1)

    Location             Delay type                Incr(ns)  Path(ns)    Netlist Resource(s)
  -------------------------------------------------------------------    -------------------
    T17                                               0.000     0.000 f  a[3] (IN)
                         net (fo=0)                   0.000     0.000    a[3]
    T17                  IBUF (Prop_ibuf_I_O)         0.787     0.787 f  a_IBUF[3]_inst/O
                         net (fo=19, routed)          1.733     2.520    a_IBUF[3]
    SLICE_X1Y10          LUT2 (Prop_lut2_I0_O)        0.063     2.583 r  p_OBUF[2]_inst_i_9/O
                         net (fo=1, routed)           0.447     3.030    p_OBUF[2]_inst_i_9_n_0
    SLICE_X0Y10          LUT6 (Prop_lut6_I1_O)        0.170     3.200 r  p_OBUF[2]_inst_i_5/O
                         net (fo=1, routed)           0.000     3.200    p_OBUF[2]_inst_i_5_n_0
    SLICE_X0Y10          CARRY4 (Prop_carry4_S[3]_CO[3])
                                                      0.233     3.433 r  p_OBUF[2]_inst_i_1/CO[3]
                         net (fo=1, routed)           0.000     3.433    p_OBUF[2]_inst_i_1_n_0
    SLICE_X0Y11          CARRY4 (Prop_carry4_CI_O[2])
                                                      0.136     3.569 r  p_OBUF[11]_inst_i_13/O[2]
                         net (fo=2, routed)           0.548     4.117    p_OBUF[11]_inst_i_13_n_5
    SLICE_X3Y11          LUT3 (Prop_lut3_I2_O)        0.162     4.279 r  p_OBUF[7]_inst_i_2/O
                         net (fo=2, routed)           0.472     4.751    p_OBUF[7]_inst_i_2_n_0
    SLICE_X3Y11          LUT4 (Prop_lut4_I3_O)        0.165     4.916 r  p_OBUF[7]_inst_i_6/O
                         net (fo=1, routed)           0.000     4.916    p_OBUF[7]_inst_i_6_n_0
    SLICE_X3Y11          CARRY4 (Prop_carry4_S[3]_CO[3])
                                                      0.233     5.149 r  p_OBUF[7]_inst_i_1/CO[3]
                         net (fo=1, routed)           0.000     5.149    p_OBUF[7]_inst_i_1_n_0
    SLICE_X3Y12          CARRY4 (Prop_carry4_CI_CO[3])
                                                      0.058     5.207 r  p_OBUF[11]_inst_i_1/CO[3]
                         net (fo=1, routed)           0.000     5.207    p_OBUF[11]_inst_i_1_n_0
    SLICE_X3Y13          CARRY4 (Prop_carry4_CI_O[0])
                                                      0.139     5.346 r  p_OBUF[15]_inst_i_1/O[0]
                         net (fo=1, routed)           1.617     6.964    p_OBUF[12]
    P23                  OBUF (Prop_obuf_I_O)         2.579     9.543 r  p_OBUF[12]_inst/O
                         net (fo=0)                   0.000     9.543    p[12]
    P23                                                               r  p[12] (OUT)
  -------------------------------------------------------------------    -------------------

Slack:                    inf
  Source:                 a[3]
                            (input port)
  Destination:            p[9]
                            (output port)
  Path Group:             (none)
  Path Type:              Max at Slow Process Corner
  Data Path Delay:        9.518ns  (logic 4.742ns (49.828%)  route 4.775ns (50.172%))
  Logic Levels:           10  (CARRY4=4 IBUF=1 LUT2=1 LUT3=1 LUT4=1 LUT6=1 OBUF=1)

    Location             Delay type                Incr(ns)  Path(ns)    Netlist Resource(s)
  -------------------------------------------------------------------    -------------------
    T17                                               0.000     0.000 f  a[3] (IN)
                         net (fo=0)                   0.000     0.000    a[3]
    T17                  IBUF (Prop_ibuf_I_O)         0.787     0.787 f  a_IBUF[3]_inst/O
                         net (fo=19, routed)          1.733     2.520    a_IBUF[3]
    SLICE_X1Y10          LUT2 (Prop_lut2_I0_O)        0.063     2.583 r  p_OBUF[2]_inst_i_9/O
                         net (fo=1, routed)           0.447     3.030    p_OBUF[2]_inst_i_9_n_0
    SLICE_X0Y10          LUT6 (Prop_lut6_I1_O)        0.170     3.200 r  p_OBUF[2]_inst_i_5/O
                         net (fo=1, routed)           0.000     3.200    p_OBUF[2]_inst_i_5_n_0
    SLICE_X0Y10          CARRY4 (Prop_carry4_S[3]_CO[3])
                                                      0.233     3.433 r  p_OBUF[2]_inst_i_1/CO[3]
                         net (fo=1, routed)           0.000     3.433    p_OBUF[2]_inst_i_1_n_0
    SLICE_X0Y11          CARRY4 (Prop_carry4_CI_O[2])
                                                      0.136     3.569 r  p_OBUF[11]_inst_i_13/O[2]
                         net (fo=2, routed)           0.548     4.117    p_OBUF[11]_inst_i_13_n_5
    SLICE_X3Y11          LUT3 (Prop_lut3_I2_O)        0.162     4.279 r  p_OBUF[7]_inst_i_2/O
                         net (fo=2, routed)           0.472     4.751    p_OBUF[7]_inst_i_2_n_0
    SLICE_X3Y11          LUT4 (Prop_lut4_I3_O)        0.165     4.916 r  p_OBUF[7]_inst_i_6/O
                         net (fo=1, routed)           0.000     4.916    p_OBUF[7]_inst_i_6_n_0
    SLICE_X3Y11          CARRY4 (Prop_carry4_S[3]_CO[3])
                                                      0.233     5.149 r  p_OBUF[7]_inst_i_1/CO[3]
                         net (fo=1, routed)           0.000     5.149    p_OBUF[7]_inst_i_1_n_0
    SLICE_X3Y12          CARRY4 (Prop_carry4_CI_O[1])
                                                      0.213     5.362 r  p_OBUF[11]_inst_i_1/O[1]
                         net (fo=1, routed)           1.575     6.938    p_OBUF[9]
    N22                  OBUF (Prop_obuf_I_O)         2.580     9.518 r  p_OBUF[9]_inst/O
                         net (fo=0)                   0.000     9.518    p[9]
    N22                                                               r  p[9] (OUT)
  -------------------------------------------------------------------    -------------------

Slack:                    inf
  Source:                 a[3]
                            (input port)
  Destination:            p[11]
                            (output port)
  Path Group:             (none)
  Path Type:              Max at Slow Process Corner
  Data Path Delay:        9.505ns  (logic 4.695ns (49.391%)  route 4.810ns (50.609%))
  Logic Levels:           10  (CARRY4=4 IBUF=1 LUT2=1 LUT3=1 LUT4=1 LUT6=1 OBUF=1)

    Location             Delay type                Incr(ns)  Path(ns)    Netlist Resource(s)
  -------------------------------------------------------------------    -------------------
    T17                                               0.000     0.000 f  a[3] (IN)
                         net (fo=0)                   0.000     0.000    a[3]
    T17                  IBUF (Prop_ibuf_I_O)         0.787     0.787 f  a_IBUF[3]_inst/O
                         net (fo=19, routed)          1.733     2.520    a_IBUF[3]
    SLICE_X1Y10          LUT2 (Prop_lut2_I0_O)        0.063     2.583 r  p_OBUF[2]_inst_i_9/O
                         net (fo=1, routed)           0.447     3.030    p_OBUF[2]_inst_i_9_n_0
    SLICE_X0Y10          LUT6 (Prop_lut6_I1_O)        0.170     3.200 r  p_OBUF[2]_inst_i_5/O
                         net (fo=1, routed)           0.000     3.200    p_OBUF[2]_inst_i_5_n_0
    SLICE_X0Y10          CARRY4 (Prop_carry4_S[3]_CO[3])
                                                      0.233     3.433 r  p_OBUF[2]_inst_i_1/CO[3]
                         net (fo=1, routed)           0.000     3.433    p_OBUF[2]_inst_i_1_n_0
    SLICE_X0Y11          CARRY4 (Prop_carry4_CI_O[2])
                                                      0.136     3.569 r  p_OBUF[11]_inst_i_13/O[2]
                         net (fo=2, routed)           0.548     4.117    p_OBUF[11]_inst_i_13_n_5
    SLICE_X3Y11          LUT3 (Prop_lut3_I2_O)        0.162     4.279 r  p_OBUF[7]_inst_i_2/O
                         net (fo=2, routed)           0.472     4.751    p_OBUF[7]_inst_i_2_n_0
    SLICE_X3Y11          LUT4 (Prop_lut4_I3_O)        0.165     4.916 r  p_OBUF[7]_inst_i_6/O
                         net (fo=1, routed)           0.000     4.916    p_OBUF[7]_inst_i_6_n_0
    SLICE_X3Y11          CARRY4 (Prop_carry4_S[3]_CO[3])
                                                      0.233     5.149 r  p_OBUF[7]_inst_i_1/CO[3]
                         net (fo=1, routed)           0.000     5.149    p_OBUF[7]_inst_i_1_n_0
    SLICE_X3Y12          CARRY4 (Prop_carry4_CI_O[3])
                                                      0.179     5.328 r  p_OBUF[11]_inst_i_1/O[3]
                         net (fo=1, routed)           1.611     6.939    p_OBUF[11]
    N23                  OBUF (Prop_obuf_I_O)         2.566     9.505 r  p_OBUF[11]_inst/O
                         net (fo=0)                   0.000     9.505    p[11]
    N23                                                               r  p[11] (OUT)
  -------------------------------------------------------------------    -------------------

Slack:                    inf
  Source:                 a[3]
                            (input port)
  Destination:            p[10]
                            (output port)
  Path Group:             (none)
  Path Type:              Max at Slow Process Corner
  Data Path Delay:        9.481ns  (logic 4.667ns (49.232%)  route 4.813ns (50.768%))
  Logic Levels:           10  (CARRY4=4 IBUF=1 LUT2=1 LUT3=1 LUT4=1 LUT6=1 OBUF=1)

    Location             Delay type                Incr(ns)  Path(ns)    Netlist Resource(s)
  -------------------------------------------------------------------    -------------------
    T17                                               0.000     0.000 f  a[3] (IN)
                         net (fo=0)                   0.000     0.000    a[3]
    T17                  IBUF (Prop_ibuf_I_O)         0.787     0.787 f  a_IBUF[3]_inst/O
                         net (fo=19, routed)          1.733     2.520    a_IBUF[3]
    SLICE_X1Y10          LUT2 (Prop_lut2_I0_O)        0.063     2.583 r  p_OBUF[2]_inst_i_9/O
                         net (fo=1, routed)           0.447     3.030    p_OBUF[2]_inst_i_9_n_0
    SLICE_X0Y10          LUT6 (Prop_lut6_I1_O)        0.170     3.200 r  p_OBUF[2]_inst_i_5/O
                         net (fo=1, routed)           0.000     3.200    p_OBUF[2]_inst_i_5_n_0
    SLICE_X0Y10          CARRY4 (Prop_carry4_S[3]_CO[3])
                                                      0.233     3.433 r  p_OBUF[2]_inst_i_1/CO[3]
                         net (fo=1, routed)           0.000     3.433    p_OBUF[2]_inst_i_1_n_0
    SLICE_X0Y11          CARRY4 (Prop_carry4_CI_O[2])
                                                      0.136     3.569 r  p_OBUF[11]_inst_i_13/O[2]
                         net (fo=2, routed)           0.548     4.117    p_OBUF[11]_inst_i_13_n_5
    SLICE_X3Y11          LUT3 (Prop_lut3_I2_O)        0.162     4.279 r  p_OBUF[7]_inst_i_2/O
                         net (fo=2, routed)           0.472     4.751    p_OBUF[7]_inst_i_2_n_0
    SLICE_X3Y11          LUT4 (Prop_lut4_I3_O)        0.165     4.916 r  p_OBUF[7]_inst_i_6/O
                         net (fo=1, routed)           0.000     4.916    p_OBUF[7]_inst_i_6_n_0
    SLICE_X3Y11          CARRY4 (Prop_carry4_S[3]_CO[3])
                                                      0.233     5.149 r  p_OBUF[7]_inst_i_1/CO[3]
                         net (fo=1, routed)           0.000     5.149    p_OBUF[7]_inst_i_1_n_0
    SLICE_X3Y12          CARRY4 (Prop_carry4_CI_O[2])
                                                      0.136     5.285 r  p_OBUF[11]_inst_i_1/O[2]
                         net (fo=1, routed)           1.613     6.899    p_OBUF[10]
    N21                  OBUF (Prop_obuf_I_O)         2.582     9.481 r  p_OBUF[10]_inst/O
                         net (fo=0)                   0.000     9.481    p[10]
    N21                                                               r  p[10] (OUT)
  -------------------------------------------------------------------    -------------------

Slack:                    inf
  Source:                 a[3]
                            (input port)
  Destination:            p[8]
                            (output port)
  Path Group:             (none)
  Path Type:              Max at Slow Process Corner
  Data Path Delay:        9.405ns  (logic 4.648ns (49.422%)  route 4.757ns (50.578%))
  Logic Levels:           10  (CARRY4=4 IBUF=1 LUT2=1 LUT3=1 LUT4=1 LUT6=1 OBUF=1)

    Location             Delay type                Incr(ns)  Path(ns)    Netlist Resource(s)
  -------------------------------------------------------------------    -------------------
    T17                                               0.000     0.000 f  a[3] (IN)
                         net (fo=0)                   0.000     0.000    a[3]
    T17                  IBUF (Prop_ibuf_I_O)         0.787     0.787 f  a_IBUF[3]_inst/O
                         net (fo=19, routed)          1.733     2.520    a_IBUF[3]
    SLICE_X1Y10          LUT2 (Prop_lut2_I0_O)        0.063     2.583 r  p_OBUF[2]_inst_i_9/O
                         net (fo=1, routed)           0.447     3.030    p_OBUF[2]_inst_i_9_n_0
    SLICE_X0Y10          LUT6 (Prop_lut6_I1_O)        0.170     3.200 r  p_OBUF[2]_inst_i_5/O
                         net (fo=1, routed)           0.000     3.200    p_OBUF[2]_inst_i_5_n_0
    SLICE_X0Y10          CARRY4 (Prop_carry4_S[3]_CO[3])
                                                      0.233     3.433 r  p_OBUF[2]_inst_i_1/CO[3]
                         net (fo=1, routed)           0.000     3.433    p_OBUF[2]_inst_i_1_n_0
    SLICE_X0Y11          CARRY4 (Prop_carry4_CI_O[2])
                                                      0.136     3.569 r  p_OBUF[11]_inst_i_13/O[2]
                         net (fo=2, routed)           0.548     4.117    p_OBUF[11]_inst_i_13_n_5
    SLICE_X3Y11          LUT3 (Prop_lut3_I2_O)        0.162     4.279 r  p_OBUF[7]_inst_i_2/O
                         net (fo=2, routed)           0.472     4.751    p_OBUF[7]_inst_i_2_n_0
    SLICE_X3Y11          LUT4 (Prop_lut4_I3_O)        0.165     4.916 r  p_OBUF[7]_inst_i_6/O
                         net (fo=1, routed)           0.000     4.916    p_OBUF[7]_inst_i_6_n_0
    SLICE_X3Y11          CARRY4 (Prop_carry4_S[3]_CO[3])
                                                      0.233     5.149 r  p_OBUF[7]_inst_i_1/CO[3]
                         net (fo=1, routed)           0.000     5.149    p_OBUF[7]_inst_i_1_n_0
    SLICE_X3Y12          CARRY4 (Prop_carry4_CI_O[0])
                                                      0.139     5.288 r  p_OBUF[11]_inst_i_1/O[0]
                         net (fo=1, routed)           1.557     6.845    p_OBUF[8]
    R21                  OBUF (Prop_obuf_I_O)         2.560     9.405 r  p_OBUF[8]_inst/O
                         net (fo=0)                   0.000     9.405    p[8]
    R21                                                               r  p[8] (OUT)
  -------------------------------------------------------------------    -------------------

Slack:                    inf
  Source:                 a[3]
                            (input port)
  Destination:            p[7]
                            (output port)
  Path Group:             (none)
  Path Type:              Max at Slow Process Corner
  Data Path Delay:        9.258ns  (logic 4.556ns (49.207%)  route 4.702ns (50.793%))
  Logic Levels:           8  (CARRY4=3 IBUF=1 LUT2=2 LUT6=1 OBUF=1)

    Location             Delay type                Incr(ns)  Path(ns)    Netlist Resource(s)
  -------------------------------------------------------------------    -------------------
    T17                                               0.000     0.000 f  a[3] (IN)
                         net (fo=0)                   0.000     0.000    a[3]
    T17                  IBUF (Prop_ibuf_I_O)         0.787     0.787 f  a_IBUF[3]_inst/O
                         net (fo=19, routed)          1.733     2.520    a_IBUF[3]
    SLICE_X1Y10          LUT2 (Prop_lut2_I0_O)        0.063     2.583 r  p_OBUF[2]_inst_i_9/O
                         net (fo=1, routed)           0.447     3.030    p_OBUF[2]_inst_i_9_n_0
    SLICE_X0Y10          LUT6 (Prop_lut6_I1_O)        0.170     3.200 r  p_OBUF[2]_inst_i_5/O
                         net (fo=1, routed)           0.000     3.200    p_OBUF[2]_inst_i_5_n_0
    SLICE_X0Y10          CARRY4 (Prop_carry4_S[3]_CO[3])
                                                      0.233     3.433 r  p_OBUF[2]_inst_i_1/CO[3]
                         net (fo=1, routed)           0.000     3.433    p_OBUF[2]_inst_i_1_n_0
    SLICE_X0Y11          CARRY4 (Prop_carry4_CI_O[1])
                                                      0.213     3.646 r  p_OBUF[11]_inst_i_13/O[1]
                         net (fo=2, routed)           0.672     4.318    p_OBUF[11]_inst_i_13_n_6
    SLICE_X3Y11          LUT2 (Prop_lut2_I1_O)        0.167     4.485 r  p_OBUF[7]_inst_i_3/O
                         net (fo=2, routed)           0.296     4.782    p_OBUF[7]_inst_i_3_n_0
    SLICE_X3Y11          CARRY4 (Prop_carry4_DI[2]_O[3])
                                                      0.376     5.158 r  p_OBUF[7]_inst_i_1/O[3]
                         net (fo=1, routed)           1.554     6.712    p_OBUF[7]
    P21                  OBUF (Prop_obuf_I_O)         2.546     9.258 r  p_OBUF[7]_inst/O
                         net (fo=0)                   0.000     9.258    p[7]
    P21                                                               r  p[7] (OUT)
  -------------------------------------------------------------------    -------------------

Slack:                    inf
  Source:                 a[3]
                            (input port)
  Destination:            p[6]
                            (output port)
  Path Group:             (none)
  Path Type:              Max at Slow Process Corner
  Data Path Delay:        9.135ns  (logic 4.512ns (49.399%)  route 4.622ns (50.601%))
  Logic Levels:           9  (CARRY4=3 IBUF=1 LUT2=2 LUT4=1 LUT6=1 OBUF=1)

    Location             Delay type                Incr(ns)  Path(ns)    Netlist Resource(s)
  -------------------------------------------------------------------    -------------------
    T17                                               0.000     0.000 f  a[3] (IN)
                         net (fo=0)                   0.000     0.000    a[3]
    T17                  IBUF (Prop_ibuf_I_O)         0.787     0.787 f  a_IBUF[3]_inst/O
                         net (fo=19, routed)          1.733     2.520    a_IBUF[3]
    SLICE_X1Y10          LUT2 (Prop_lut2_I0_O)        0.063     2.583 r  p_OBUF[2]_inst_i_9/O
                         net (fo=1, routed)           0.447     3.030    p_OBUF[2]_inst_i_9_n_0
    SLICE_X0Y10          LUT6 (Prop_lut6_I1_O)        0.170     3.200 r  p_OBUF[2]_inst_i_5/O
                         net (fo=1, routed)           0.000     3.200    p_OBUF[2]_inst_i_5_n_0
    SLICE_X0Y10          CARRY4 (Prop_carry4_S[3]_CO[3])
                                                      0.233     3.433 r  p_OBUF[2]_inst_i_1/CO[3]
                         net (fo=1, routed)           0.000     3.433    p_OBUF[2]_inst_i_1_n_0
    SLICE_X0Y11          CARRY4 (Prop_carry4_CI_O[1])
                                                      0.213     3.646 r  p_OBUF[11]_inst_i_13/O[1]
                         net (fo=2, routed)           0.672     4.318    p_OBUF[11]_inst_i_13_n_6
    SLICE_X3Y11          LUT2 (Prop_lut2_I1_O)        0.167     4.485 r  p_OBUF[7]_inst_i_3/O
                         net (fo=2, routed)           0.204     4.689    p_OBUF[7]_inst_i_3_n_0
    SLICE_X3Y11          LUT4 (Prop_lut4_I3_O)        0.169     4.858 r  p_OBUF[7]_inst_i_7/O
                         net (fo=1, routed)           0.000     4.858    p_OBUF[7]_inst_i_7_n_0
    SLICE_X3Y11          CARRY4 (Prop_carry4_S[2]_O[2])
                                                      0.140     4.998 r  p_OBUF[7]_inst_i_1/O[2]
                         net (fo=1, routed)           1.567     6.565    p_OBUF[6]
    R22                  OBUF (Prop_obuf_I_O)         2.570     9.135 r  p_OBUF[6]_inst/O
                         net (fo=0)                   0.000     9.135    p[6]
    R22                                                               r  p[6] (OUT)
  -------------------------------------------------------------------    -------------------





Min Delay Paths
--------------------------------------------------------------------------------------
Slack:                    inf
  Source:                 b[0]
                            (input port)
  Destination:            p[1]
                            (output port)
  Path Group:             (none)
  Path Type:              Min at Fast Process Corner
  Data Path Delay:        2.238ns  (logic 1.479ns (66.080%)  route 0.759ns (33.920%))
  Logic Levels:           4  (CARRY4=1 IBUF=1 LUT4=1 OBUF=1)

    Location             Delay type                Incr(ns)  Path(ns)    Netlist Resource(s)
  -------------------------------------------------------------------    -------------------
    R16                                               0.000     0.000 r  b[0] (IN)
                         net (fo=0)                   0.000     0.000    b[0]
    R16                  IBUF (Prop_ibuf_I_O)         0.076     0.076 r  b_IBUF[0]_inst/O
                         net (fo=16, routed)          0.373     0.449    b_IBUF[0]
    SLICE_X0Y10          LUT4 (Prop_lut4_I0_O)        0.028     0.477 r  p_OBUF[2]_inst_i_7/O
                         net (fo=1, routed)           0.000     0.477    p_OBUF[2]_inst_i_7_n_0
    SLICE_X0Y10          CARRY4 (Prop_carry4_S[1]_O[1])
                                                      0.049     0.526 r  p_OBUF[2]_inst_i_1/O[1]
                         net (fo=1, routed)           0.386     0.912    p_OBUF[1]
    R20                  OBUF (Prop_obuf_I_O)         1.325     2.238 r  p_OBUF[1]_inst/O
                         net (fo=0)                   0.000     2.238    p[1]
    R20                                                               r  p[1] (OUT)
  -------------------------------------------------------------------    -------------------

Slack:                    inf
  Source:                 b[0]
                            (input port)
  Destination:            p[2]
                            (output port)
  Path Group:             (none)
  Path Type:              Min at Fast Process Corner
  Data Path Delay:        2.291ns  (logic 1.526ns (66.605%)  route 0.765ns (33.395%))
  Logic Levels:           4  (CARRY4=1 IBUF=1 LUT2=1 OBUF=1)

    Location             Delay type                Incr(ns)  Path(ns)    Netlist Resource(s)
  -------------------------------------------------------------------    -------------------
    R16                                               0.000     0.000 r  b[0] (IN)
                         net (fo=0)                   0.000     0.000    b[0]
    R16                  IBUF (Prop_ibuf_I_O)         0.076     0.076 r  b_IBUF[0]_inst/O
                         net (fo=16, routed)          0.373     0.449    b_IBUF[0]
    SLICE_X0Y10          LUT2 (Prop_lut2_I0_O)        0.033     0.482 r  p_OBUF[2]_inst_i_4/O
                         net (fo=1, routed)           0.000     0.482    p_OBUF[2]_inst_i_4_n_0
    SLICE_X0Y10          CARRY4 (Prop_carry4_DI[1]_O[2])
                                                      0.094     0.576 r  p_OBUF[2]_inst_i_1/O[2]
                         net (fo=1, routed)           0.392     0.968    p_OBUF[2]
    T20                  OBUF (Prop_obuf_I_O)         1.322     2.291 r  p_OBUF[2]_inst/O
                         net (fo=0)                   0.000     2.291    p[2]
    T20                                                               r  p[2] (OUT)
  -------------------------------------------------------------------    -------------------

Slack:                    inf
  Source:                 b[0]
                            (input port)
  Destination:            p[0]
                            (output port)
  Path Group:             (none)
  Path Type:              Min at Fast Process Corner
  Data Path Delay:        2.296ns  (logic 1.491ns (64.924%)  route 0.805ns (35.076%))
  Logic Levels:           4  (CARRY4=1 IBUF=1 LUT2=1 OBUF=1)

    Location             Delay type                Incr(ns)  Path(ns)    Netlist Resource(s)
  -------------------------------------------------------------------    -------------------
    R16                                               0.000     0.000 r  b[0] (IN)
                         net (fo=0)                   0.000     0.000    b[0]
    R16                  IBUF (Prop_ibuf_I_O)         0.076     0.076 r  b_IBUF[0]_inst/O
                         net (fo=16, routed)          0.423     0.499    b_IBUF[0]
    SLICE_X0Y10          LUT2 (Prop_lut2_I1_O)        0.028     0.527 r  p_OBUF[2]_inst_i_8/O
                         net (fo=1, routed)           0.000     0.527    p_OBUF[2]_inst_i_8_n_0
    SLICE_X0Y10          CARRY4 (Prop_carry4_S[0]_O[0])
                                                      0.055     0.582 r  p_OBUF[2]_inst_i_1/O[0]
                         net (fo=1, routed)           0.383     0.965    p_OBUF[0]
    T22                  OBUF (Prop_obuf_I_O)         1.332     2.296 r  p_OBUF[0]_inst/O
                         net (fo=0)                   0.000     2.296    p[0]
    T22                                                               r  p[0] (OUT)
  -------------------------------------------------------------------    -------------------

Slack:                    inf
  Source:                 b[3]
                            (input port)
  Destination:            p[3]
                            (output port)
  Path Group:             (none)
  Path Type:              Min at Fast Process Corner
  Data Path Delay:        2.496ns  (logic 1.518ns (60.832%)  route 0.978ns (39.168%))
  Logic Levels:           5  (CARRY4=1 IBUF=1 LUT2=2 OBUF=1)

    Location             Delay type                Incr(ns)  Path(ns)    Netlist Resource(s)
  -------------------------------------------------------------------    -------------------
    T19                                               0.000     0.000 r  b[3] (IN)
                         net (fo=0)                   0.000     0.000    b[3]
    T19                  IBUF (Prop_ibuf_I_O)         0.073     0.073 r  b_IBUF[3]_inst/O
                         net (fo=16, routed)          0.417     0.490    b_IBUF[3]
    SLICE_X2Y11          LUT2 (Prop_lut2_I1_O)        0.028     0.518 r  p_OBUF[3]_inst_i_9/O
                         net (fo=1, routed)           0.000     0.518    p_OBUF[3]_inst_i_9_n_0
    SLICE_X2Y11          CARRY4 (Prop_carry4_S[0]_O[0])
                                                      0.050     0.568 r  p_OBUF[3]_inst_i_2/O[0]
                         net (fo=3, routed)           0.129     0.697    p_OBUF[3]_inst_i_2_n_7
    SLICE_X1Y11          LUT2 (Prop_lut2_I1_O)        0.066     0.763 r  p_OBUF[3]_inst_i_1/O
                         net (fo=1, routed)           0.432     1.195    p_OBUF[3]
    T25                  OBUF (Prop_obuf_I_O)         1.301     2.496 r  p_OBUF[3]_inst/O
                         net (fo=0)                   0.000     2.496    p[3]
    T25                                                               r  p[3] (OUT)
  -------------------------------------------------------------------    -------------------

Slack:                    inf
  Source:                 b[3]
                            (input port)
  Destination:            p[5]
                            (output port)
  Path Group:             (none)
  Path Type:              Min at Fast Process Corner
  Data Path Delay:        2.503ns  (logic 1.605ns (64.105%)  route 0.899ns (35.895%))
  Logic Levels:           6  (CARRY4=2 IBUF=1 LUT4=1 LUT6=1 OBUF=1)

    Location             Delay type                Incr(ns)  Path(ns)    Netlist Resource(s)
  -------------------------------------------------------------------    -------------------
    T19                                               0.000     0.000 r  b[3] (IN)
                         net (fo=0)                   0.000     0.000    b[3]
    T19                  IBUF (Prop_ibuf_I_O)         0.073     0.073 r  b_IBUF[3]_inst/O
                         net (fo=16, routed)          0.350     0.423    b_IBUF[3]
    SLICE_X2Y11          LUT6 (Prop_lut6_I4_O)        0.028     0.451 r  p_OBUF[3]_inst_i_7/O
                         net (fo=1, routed)           0.000     0.451    p_OBUF[3]_inst_i_7_n_0
    SLICE_X2Y11          CARRY4 (Prop_carry4_S[2]_O[2])
                                                      0.047     0.498 r  p_OBUF[3]_inst_i_2/O[2]
                         net (fo=2, routed)           0.130     0.628    p_OBUF[3]_inst_i_2_n_5
    SLICE_X3Y11          LUT4 (Prop_lut4_I0_O)        0.071     0.699 r  p_OBUF[7]_inst_i_8/O
                         net (fo=1, routed)           0.000     0.699    p_OBUF[7]_inst_i_8_n_0
    SLICE_X3Y11          CARRY4 (Prop_carry4_S[1]_O[1])
                                                      0.049     0.748 r  p_OBUF[7]_inst_i_1/O[1]
                         net (fo=1, routed)           0.418     1.167    p_OBUF[5]
    R23                  OBUF (Prop_obuf_I_O)         1.336     2.503 r  p_OBUF[5]_inst/O
                         net (fo=0)                   0.000     2.503    p[5]
    R23                                                               r  p[5] (OUT)
  -------------------------------------------------------------------    -------------------

Slack:                    inf
  Source:                 b[3]
                            (input port)
  Destination:            p[7]
                            (output port)
  Path Group:             (none)
  Path Type:              Min at Fast Process Corner
  Data Path Delay:        2.616ns  (logic 1.675ns (64.023%)  route 0.941ns (35.977%))
  Logic Levels:           6  (CARRY4=2 IBUF=1 LUT4=1 LUT6=1 OBUF=1)

    Location             Delay type                Incr(ns)  Path(ns)    Netlist Resource(s)
  -------------------------------------------------------------------    -------------------
    T19                                               0.000     0.000 r  b[3] (IN)
                         net (fo=0)                   0.000     0.000    b[3]
    T19                  IBUF (Prop_ibuf_I_O)         0.073     0.073 r  b_IBUF[3]_inst/O
                         net (fo=16, routed)          0.350     0.423    b_IBUF[3]
    SLICE_X2Y11          LUT6 (Prop_lut6_I4_O)        0.028     0.451 r  p_OBUF[3]_inst_i_7/O
                         net (fo=1, routed)           0.000     0.451    p_OBUF[3]_inst_i_7_n_0
    SLICE_X2Y11          CARRY4 (Prop_carry4_S[2]_O[2])
                                                      0.047     0.498 r  p_OBUF[3]_inst_i_2/O[2]
                         net (fo=2, routed)           0.130     0.628    p_OBUF[3]_inst_i_2_n_5
    SLICE_X3Y11          LUT4 (Prop_lut4_I0_O)        0.071     0.699 r  p_OBUF[7]_inst_i_8/O
                         net (fo=1, routed)           0.000     0.699    p_OBUF[7]_inst_i_8_n_0
    SLICE_X3Y11          CARRY4 (Prop_carry4_S[1]_O[3])
                                                      0.129     0.828 r  p_OBUF[7]_inst_i_1/O[3]
                         net (fo=1, routed)           0.461     1.289    p_OBUF[7]
    P21                  OBUF (Prop_obuf_I_O)         1.326     2.616 r  p_OBUF[7]_inst/O
                         net (fo=0)                   0.000     2.616    p[7]
    P21                                                               r  p[7] (OUT)
  -------------------------------------------------------------------    -------------------

Slack:                    inf
  Source:                 b[3]
                            (input port)
  Destination:            p[4]
                            (output port)
  Path Group:             (none)
  Path Type:              Min at Fast Process Corner
  Data Path Delay:        2.621ns  (logic 1.608ns (61.331%)  route 1.014ns (38.669%))
  Logic Levels:           6  (CARRY4=2 IBUF=1 LUT4=2 OBUF=1)

    Location             Delay type                Incr(ns)  Path(ns)    Netlist Resource(s)
  -------------------------------------------------------------------    -------------------
    T19                                               0.000     0.000 r  b[3] (IN)
                         net (fo=0)                   0.000     0.000    b[3]
    T19                  IBUF (Prop_ibuf_I_O)         0.073     0.073 r  b_IBUF[3]_inst/O
                         net (fo=16, routed)          0.417     0.490    b_IBUF[3]
    SLICE_X2Y11          LUT4 (Prop_lut4_I0_O)        0.028     0.518 r  p_OBUF[3]_inst_i_8/O
                         net (fo=1, routed)           0.000     0.518    p_OBUF[3]_inst_i_8_n_0
    SLICE_X2Y11          CARRY4 (Prop_carry4_S[1]_O[1])
                                                      0.047     0.565 r  p_OBUF[3]_inst_i_2/O[1]
                         net (fo=3, routed)           0.179     0.744    p_OBUF[3]_inst_i_2_n_6
    SLICE_X3Y11          LUT4 (Prop_lut4_I2_O)        0.068     0.812 r  p_OBUF[7]_inst_i_9/O
                         net (fo=1, routed)           0.000     0.812    p_OBUF[7]_inst_i_9_n_0
    SLICE_X3Y11          CARRY4 (Prop_carry4_S[0]_O[0])
                                                      0.055     0.867 r  p_OBUF[7]_inst_i_1/O[0]
                         net (fo=1, routed)           0.418     1.285    p_OBUF[4]
    T24                  OBUF (Prop_obuf_I_O)         1.336     2.621 r  p_OBUF[4]_inst/O
                         net (fo=0)                   0.000     2.621    p[4]
    T24                                                               r  p[4] (OUT)
  -------------------------------------------------------------------    -------------------

Slack:                    inf
  Source:                 b[3]
                            (input port)
  Destination:            p[6]
                            (output port)
  Path Group:             (none)
  Path Type:              Min at Fast Process Corner
  Data Path Delay:        2.629ns  (logic 1.675ns (63.727%)  route 0.954ns (36.273%))
  Logic Levels:           6  (CARRY4=2 IBUF=1 LUT4=1 LUT6=1 OBUF=1)

    Location             Delay type                Incr(ns)  Path(ns)    Netlist Resource(s)
  -------------------------------------------------------------------    -------------------
    T19                                               0.000     0.000 r  b[3] (IN)
                         net (fo=0)                   0.000     0.000    b[3]
    T19                  IBUF (Prop_ibuf_I_O)         0.073     0.073 r  b_IBUF[3]_inst/O
                         net (fo=16, routed)          0.350     0.423    b_IBUF[3]
    SLICE_X2Y11          LUT6 (Prop_lut6_I4_O)        0.028     0.451 r  p_OBUF[3]_inst_i_7/O
                         net (fo=1, routed)           0.000     0.451    p_OBUF[3]_inst_i_7_n_0
    SLICE_X2Y11          CARRY4 (Prop_carry4_S[2]_O[2])
                                                      0.047     0.498 r  p_OBUF[3]_inst_i_2/O[2]
                         net (fo=2, routed)           0.130     0.628    p_OBUF[3]_inst_i_2_n_5
    SLICE_X3Y11          LUT4 (Prop_lut4_I0_O)        0.071     0.699 r  p_OBUF[7]_inst_i_8/O
                         net (fo=1, routed)           0.000     0.699    p_OBUF[7]_inst_i_8_n_0
    SLICE_X3Y11          CARRY4 (Prop_carry4_S[1]_O[2])
                                                      0.117     0.816 r  p_OBUF[7]_inst_i_1/O[2]
                         net (fo=1, routed)           0.474     1.290    p_OBUF[6]
    R22                  OBUF (Prop_obuf_I_O)         1.339     2.629 r  p_OBUF[6]_inst/O
                         net (fo=0)                   0.000     2.629    p[6]
    R22                                                               r  p[6] (OUT)
  -------------------------------------------------------------------    -------------------

Slack:                    inf
  Source:                 b[3]
                            (input port)
  Destination:            p[8]
                            (output port)
  Path Group:             (none)
  Path Type:              Min at Fast Process Corner
  Data Path Delay:        2.640ns  (logic 1.699ns (64.362%)  route 0.941ns (35.638%))
  Logic Levels:           7  (CARRY4=3 IBUF=1 LUT4=1 LUT6=1 OBUF=1)

    Location             Delay type                Incr(ns)  Path(ns)    Netlist Resource(s)
  -------------------------------------------------------------------    -------------------
    T19                                               0.000     0.000 r  b[3] (IN)
                         net (fo=0)                   0.000     0.000    b[3]
    T19                  IBUF (Prop_ibuf_I_O)         0.073     0.073 r  b_IBUF[3]_inst/O
                         net (fo=16, routed)          0.350     0.423    b_IBUF[3]
    SLICE_X2Y11          LUT6 (Prop_lut6_I4_O)        0.028     0.451 r  p_OBUF[3]_inst_i_7/O
                         net (fo=1, routed)           0.000     0.451    p_OBUF[3]_inst_i_7_n_0
    SLICE_X2Y11          CARRY4 (Prop_carry4_S[2]_O[2])
                                                      0.047     0.498 r  p_OBUF[3]_inst_i_2/O[2]
                         net (fo=2, routed)           0.130     0.628    p_OBUF[3]_inst_i_2_n_5
    SLICE_X3Y11          LUT4 (Prop_lut4_I0_O)        0.071     0.699 r  p_OBUF[7]_inst_i_8/O
                         net (fo=1, routed)           0.000     0.699    p_OBUF[7]_inst_i_8_n_0
    SLICE_X3Y11          CARRY4 (Prop_carry4_S[1]_CO[3])
                                                      0.114     0.813 r  p_OBUF[7]_inst_i_1/CO[3]
                         net (fo=1, routed)           0.000     0.813    p_OBUF[7]_inst_i_1_n_0
    SLICE_X3Y12          CARRY4 (Prop_carry4_CI_O[0])
                                                      0.041     0.854 r  p_OBUF[11]_inst_i_1/O[0]
                         net (fo=1, routed)           0.461     1.315    p_OBUF[8]
    R21                  OBUF (Prop_obuf_I_O)         1.325     2.640 r  p_OBUF[8]_inst/O
                         net (fo=0)                   0.000     2.640    p[8]
    R21                                                               r  p[8] (OUT)
  -------------------------------------------------------------------    -------------------

Slack:                    inf
  Source:                 b[7]
                            (input port)
  Destination:            p[14]
                            (output port)
  Path Group:             (none)
  Path Type:              Min at Fast Process Corner
  Data Path Delay:        2.651ns  (logic 1.633ns (61.607%)  route 1.018ns (38.393%))
  Logic Levels:           6  (CARRY4=2 IBUF=1 LUT3=1 LUT5=1 OBUF=1)

    Location             Delay type                Incr(ns)  Path(ns)    Netlist Resource(s)
  -------------------------------------------------------------------    -------------------
    T23                                               0.000     0.000 r  b[7] (IN)
                         net (fo=0)                   0.000     0.000    b[7]
    T23                  IBUF (Prop_ibuf_I_O)         0.093     0.093 r  b_IBUF[7]_inst/O
                         net (fo=16, routed)          0.358     0.451    b_IBUF[7]
    SLICE_X0Y14          LUT5 (Prop_lut5_I2_O)        0.028     0.479 r  p_OBUF[15]_inst_i_16/O
                         net (fo=1, routed)           0.000     0.479    p_OBUF[15]_inst_i_16_n_0
    SLICE_X0Y14          CARRY4 (Prop_carry4_S[3]_O[3])
                                                      0.049     0.528 r  p_OBUF[15]_inst_i_8/O[3]
                         net (fo=2, routed)           0.108     0.636    p_OBUF[15]_inst_i_8_n_4
    SLICE_X3Y13          LUT3 (Prop_lut3_I1_O)        0.068     0.704 r  p_OBUF[15]_inst_i_5/O
                         net (fo=1, routed)           0.000     0.704    p_OBUF[15]_inst_i_5_n_0
    SLICE_X3Y13          CARRY4 (Prop_carry4_S[2]_O[2])
                                                      0.051     0.755 r  p_OBUF[15]_inst_i_1/O[2]
                         net (fo=1, routed)           0.552     1.307    p_OBUF[14]
    M21                  OBUF (Prop_obuf_I_O)         1.344     2.651 r  p_OBUF[14]_inst/O
                         net (fo=0)                   0.000     2.651    p[14]
    M21                                                               r  p[14] (OUT)
  -------------------------------------------------------------------    -------------------





